This file contains any messages produced by compilers while
running configure, to aid debugging if configure makes a mistake.

It was created by Xdelta3 configure 3.0.6, which was
generated by GNU Autoconf 2.71.  Invocation command line was

  $ ./configure

## --------- ##
## Platform. ##
## --------- ##

hostname = noah-ubuntu
uname -m = x86_64
uname -r = 6.5.0-28-generic
uname -s = Linux
uname -v = #29~22.04.1-Ubuntu SMP PREEMPT_DYNAMIC Thu Apr  4 14:39:20 UTC 2

/usr/bin/uname -p = x86_64
/bin/uname -X     = unknown

/bin/arch              = x86_64
/usr/bin/arch -k       = unknown
/usr/convex/getsysinfo = unknown
/usr/bin/hostinfo      = unknown
/bin/machine           = unknown
/usr/bin/oslevel       = unknown
/bin/universe          = unknown

PATH: /home/noah/.local/bin/
PATH: /home/noah/anaconda3/bin/
PATH: /home/noah/anaconda3/condabin/
PATH: /home/noah/.local/bin/
PATH: /usr/local/sbin/
PATH: /usr/local/bin/
PATH: /usr/sbin/
PATH: /usr/bin/
PATH: /sbin/
PATH: /bin/
PATH: /usr/games/
PATH: /usr/local/games/
PATH: /snap/bin/


## ----------- ##
## Core tests. ##
## ----------- ##

configure:2532: looking for aux files: compile missing install-sh
configure:2545:  trying ./
configure:2574:   ./compile found
configure:2574:   ./missing found
configure:2556:   ./install-sh found
configure:2706: checking for a BSD-compatible install
configure:2779: result: /usr/bin/install -c
configure:2790: checking whether build environment is sane
configure:2845: result: yes
configure:3004: checking for a race-free mkdir -p
configure:3048: result: /usr/bin/mkdir -p
configure:3055: checking for gawk
configure:3090: result: no
configure:3055: checking for mawk
configure:3076: found /usr/bin/mawk
configure:3087: result: mawk
configure:3098: checking whether make sets $(MAKE)
configure:3121: result: yes
configure:3151: checking whether make supports nested variables
configure:3169: result: yes
configure:3249: checking whether UID '1000' is supported by ustar format
configure:3252: result: yes
configure:3259: checking whether GID '1000' is supported by ustar format
configure:3262: result: yes
configure:3270: checking how to create a ustar tar archive
configure:3281: tar --version
tar (GNU tar) 1.34
Copyright (C) 2021 Free Software Foundation, Inc.
License GPLv3+: GNU GPL version 3 or later <https://gnu.org/licenses/gpl.html>.
This is free software: you are free to change and redistribute it.
There is NO WARRANTY, to the extent permitted by law.

Written by John Gilmore and Jay Fenlason.
configure:3284: $? = 0
configure:3324: tardir=conftest.dir && eval tar --format=ustar -chf - "$tardir" >conftest.tar
configure:3327: $? = 0
configure:3331: tar -xf - <conftest.tar
configure:3334: $? = 0
configure:3336: cat conftest.dir/file
GrepMe
configure:3339: $? = 0
configure:3353: result: gnutar
configure:3431: checking whether make supports the include directive
configure:3446: make -f confmf.GNU && cat confinc.out
this is the am__doit target
configure:3449: $? = 0
configure:3468: result: yes (GNU style)
configure:3544: checking for gcc
configure:3565: found /usr/bin/gcc
configure:3576: result: gcc
configure:3929: checking for C compiler version
configure:3938: gcc --version >&5
gcc (Ubuntu 11.4.0-1ubuntu1~22.04) 11.4.0
Copyright (C) 2021 Free Software Foundation, Inc.
This is free software; see the source for copying conditions.  There is NO
warranty; not even for MERCHANTABILITY or FITNESS FOR A PARTICULAR PURPOSE.

configure:3949: $? = 0
configure:3938: gcc -v >&5
Using built-in specs.
COLLECT_GCC=gcc
COLLECT_LTO_WRAPPER=/usr/lib/gcc/x86_64-linux-gnu/11/lto-wrapper
OFFLOAD_TARGET_NAMES=nvptx-none:amdgcn-amdhsa
OFFLOAD_TARGET_DEFAULT=1
Target: x86_64-linux-gnu
Configured with: ../src/configure -v --with-pkgversion='Ubuntu 11.4.0-1ubuntu1~22.04' --with-bugurl=file:///usr/share/doc/gcc-11/README.Bugs --enable-languages=c,ada,c++,go,brig,d,fortran,objc,obj-c++,m2 --prefix=/usr --with-gcc-major-version-only --program-suffix=-11 --program-prefix=x86_64-linux-gnu- --enable-shared --enable-linker-build-id --libexecdir=/usr/lib --without-included-gettext --enable-threads=posix --libdir=/usr/lib --enable-nls --enable-bootstrap --enable-clocale=gnu --enable-libstdcxx-debug --enable-libstdcxx-time=yes --with-default-libstdcxx-abi=new --enable-gnu-unique-object --disable-vtable-verify --enable-plugin --enable-default-pie --with-system-zlib --enable-libphobos-checking=release --with-target-system-zlib=auto --enable-objc-gc=auto --enable-multiarch --disable-werror --enable-cet --with-arch-32=i686 --with-abi=m64 --with-multilib-list=m32,m64,mx32 --enable-multilib --with-tune=generic --enable-offload-targets=nvptx-none=/build/gcc-11-XeT9lY/gcc-11-11.4.0/debian/tmp-nvptx/usr,amdgcn-amdhsa=/build/gcc-11-XeT9lY/gcc-11-11.4.0/debian/tmp-gcn/usr --without-cuda-driver --enable-checking=release --build=x86_64-linux-gnu --host=x86_64-linux-gnu --target=x86_64-linux-gnu --with-build-config=bootstrap-lto-lean --enable-link-serialization=2
Thread model: posix
Supported LTO compression algorithms: zlib zstd
gcc version 11.4.0 (Ubuntu 11.4.0-1ubuntu1~22.04) 
... rest of stderr output deleted ...
configure:3949: $? = 0
configure:3938: gcc -V >&5
gcc: error: unrecognized command-line option '-V'
gcc: fatal error: no input files
compilation terminated.
configure:3949: $? = 1
configure:3938: gcc -qversion >&5
gcc: error: unrecognized command-line option '-qversion'; did you mean '--version'?
gcc: fatal error: no input files
compilation terminated.
configure:3949: $? = 1
configure:3938: gcc -version >&5
gcc: error: unrecognized command-line option '-version'
gcc: fatal error: no input files
compilation terminated.
configure:3949: $? = 1
configure:3969: checking whether the C compiler works
configure:3991: gcc    conftest.c  >&5
configure:3995: $? = 0
configure:4045: result: yes
configure:4048: checking for C compiler default output file name
configure:4050: result: a.out
configure:4056: checking for suffix of executables
configure:4063: gcc -o conftest    conftest.c  >&5
configure:4067: $? = 0
configure:4090: result: 
configure:4112: checking whether we are cross compiling
configure:4120: gcc -o conftest    conftest.c  >&5
configure:4124: $? = 0
configure:4131: ./conftest
configure:4135: $? = 0
configure:4150: result: no
configure:4155: checking for suffix of object files
configure:4178: gcc -c   conftest.c >&5
configure:4182: $? = 0
configure:4204: result: o
configure:4208: checking whether the compiler supports GNU C
configure:4228: gcc -c   conftest.c >&5
configure:4228: $? = 0
configure:4238: result: yes
configure:4249: checking whether gcc accepts -g
configure:4270: gcc -c -g  conftest.c >&5
configure:4270: $? = 0
configure:4314: result: yes
configure:4334: checking for gcc option to enable C11 features
configure:4349: gcc  -c -g -O2  conftest.c >&5
configure:4349: $? = 0
configure:4367: result: none needed
configure:4483: checking whether gcc understands -c and -o together
configure:4506: gcc -c conftest.c -o conftest2.o
configure:4509: $? = 0
configure:4506: gcc -c conftest.c -o conftest2.o
configure:4509: $? = 0
configure:4521: result: yes
configure:4540: checking dependency style of gcc
configure:4652: result: gcc3
configure:4668: checking if pointers to integers require aligned access
configure:4700: gcc -o conftest -g -O2   conftest.c  >&5
conftest.c: In function 'main':
conftest.c:17:33: error: expected expression before '[' token
   17 |   for (i=0; i < 40; i++) string[[i]] = i;
      |                                 ^
configure:4700: $? = 1
configure: program exited with status 1
configure: failed program was:
| /* confdefs.h */
| #define PACKAGE_NAME "Xdelta3"
| #define PACKAGE_TARNAME "xdelta3"
| #define PACKAGE_VERSION "3.0.6"
| #define PACKAGE_STRING "Xdelta3 3.0.6"
| #define PACKAGE_BUGREPORT "josh.macdonald@gmail.com"
| #define PACKAGE_URL "http://xdelta.org/"
| /* end confdefs.h.  */
| 
| #include <stdio.h>
| #include <stdlib.h>
| 
| int main()
| {
|   char* string = malloc(40);
|   int i;
|   for (i=0; i < 40; i++) string[[i]] = i;
|   {
|      void* s = string;
|      int* p = s+1;
|      int* q = s+2;
| 
|      if (*p == *q) { return 1; }
|   }
|   return 0;
| }
| 
configure:4712: result: no
configure:4773: checking for gcc
configure:4805: result: gcc
configure:5158: checking for C compiler version
configure:5167: gcc --version >&5
gcc (Ubuntu 11.4.0-1ubuntu1~22.04) 11.4.0
Copyright (C) 2021 Free Software Foundation, Inc.
This is free software; see the source for copying conditions.  There is NO
warranty; not even for MERCHANTABILITY or FITNESS FOR A PARTICULAR PURPOSE.

configure:5178: $? = 0
configure:5167: gcc -v >&5
Using built-in specs.
COLLECT_GCC=gcc
COLLECT_LTO_WRAPPER=/usr/lib/gcc/x86_64-linux-gnu/11/lto-wrapper
OFFLOAD_TARGET_NAMES=nvptx-none:amdgcn-amdhsa
OFFLOAD_TARGET_DEFAULT=1
Target: x86_64-linux-gnu
Configured with: ../src/configure -v --with-pkgversion='Ubuntu 11.4.0-1ubuntu1~22.04' --with-bugurl=file:///usr/share/doc/gcc-11/README.Bugs --enable-languages=c,ada,c++,go,brig,d,fortran,objc,obj-c++,m2 --prefix=/usr --with-gcc-major-version-only --program-suffix=-11 --program-prefix=x86_64-linux-gnu- --enable-shared --enable-linker-build-id --libexecdir=/usr/lib --without-included-gettext --enable-threads=posix --libdir=/usr/lib --enable-nls --enable-bootstrap --enable-clocale=gnu --enable-libstdcxx-debug --enable-libstdcxx-time=yes --with-default-libstdcxx-abi=new --enable-gnu-unique-object --disable-vtable-verify --enable-plugin --enable-default-pie --with-system-zlib --enable-libphobos-checking=release --with-target-system-zlib=auto --enable-objc-gc=auto --enable-multiarch --disable-werror --enable-cet --with-arch-32=i686 --with-abi=m64 --with-multilib-list=m32,m64,mx32 --enable-multilib --with-tune=generic --enable-offload-targets=nvptx-none=/build/gcc-11-XeT9lY/gcc-11-11.4.0/debian/tmp-nvptx/usr,amdgcn-amdhsa=/build/gcc-11-XeT9lY/gcc-11-11.4.0/debian/tmp-gcn/usr --without-cuda-driver --enable-checking=release --build=x86_64-linux-gnu --host=x86_64-linux-gnu --target=x86_64-linux-gnu --with-build-config=bootstrap-lto-lean --enable-link-serialization=2
Thread model: posix
Supported LTO compression algorithms: zlib zstd
gcc version 11.4.0 (Ubuntu 11.4.0-1ubuntu1~22.04) 
... rest of stderr output deleted ...
configure:5178: $? = 0
configure:5167: gcc -V >&5
gcc: error: unrecognized command-line option '-V'
gcc: fatal error: no input files
compilation terminated.
configure:5178: $? = 1
configure:5167: gcc -qversion >&5
gcc: error: unrecognized command-line option '-qversion'; did you mean '--version'?
gcc: fatal error: no input files
compilation terminated.
configure:5178: $? = 1
configure:5167: gcc -version >&5
gcc: error: unrecognized command-line option '-version'
gcc: fatal error: no input files
compilation terminated.
configure:5178: $? = 1
configure:5182: checking whether the compiler supports GNU C
configure:5212: result: yes
configure:5223: checking whether gcc accepts -g
configure:5288: result: yes
configure:5308: checking for gcc option to enable C11 features
configure:5341: result: none needed
configure:5457: checking whether gcc understands -c and -o together
configure:5495: result: yes
configure:5514: checking dependency style of gcc
configure:5626: result: gcc3
configure:5710: checking for g++
configure:5731: found /usr/bin/g++
configure:5742: result: g++
configure:5769: checking for C++ compiler version
configure:5778: g++ --version >&5
g++ (Ubuntu 11.4.0-1ubuntu1~22.04) 11.4.0
Copyright (C) 2021 Free Software Foundation, Inc.
This is free software; see the source for copying conditions.  There is NO
warranty; not even for MERCHANTABILITY or FITNESS FOR A PARTICULAR PURPOSE.

configure:5789: $? = 0
configure:5778: g++ -v >&5
Using built-in specs.
COLLECT_GCC=g++
COLLECT_LTO_WRAPPER=/usr/lib/gcc/x86_64-linux-gnu/11/lto-wrapper
OFFLOAD_TARGET_NAMES=nvptx-none:amdgcn-amdhsa
OFFLOAD_TARGET_DEFAULT=1
Target: x86_64-linux-gnu
Configured with: ../src/configure -v --with-pkgversion='Ubuntu 11.4.0-1ubuntu1~22.04' --with-bugurl=file:///usr/share/doc/gcc-11/README.Bugs --enable-languages=c,ada,c++,go,brig,d,fortran,objc,obj-c++,m2 --prefix=/usr --with-gcc-major-version-only --program-suffix=-11 --program-prefix=x86_64-linux-gnu- --enable-shared --enable-linker-build-id --libexecdir=/usr/lib --without-included-gettext --enable-threads=posix --libdir=/usr/lib --enable-nls --enable-bootstrap --enable-clocale=gnu --enable-libstdcxx-debug --enable-libstdcxx-time=yes --with-default-libstdcxx-abi=new --enable-gnu-unique-object --disable-vtable-verify --enable-plugin --enable-default-pie --with-system-zlib --enable-libphobos-checking=release --with-target-system-zlib=auto --enable-objc-gc=auto --enable-multiarch --disable-werror --enable-cet --with-arch-32=i686 --with-abi=m64 --with-multilib-list=m32,m64,mx32 --enable-multilib --with-tune=generic --enable-offload-targets=nvptx-none=/build/gcc-11-XeT9lY/gcc-11-11.4.0/debian/tmp-nvptx/usr,amdgcn-amdhsa=/build/gcc-11-XeT9lY/gcc-11-11.4.0/debian/tmp-gcn/usr --without-cuda-driver --enable-checking=release --build=x86_64-linux-gnu --host=x86_64-linux-gnu --target=x86_64-linux-gnu --with-build-config=bootstrap-lto-lean --enable-link-serialization=2
Thread model: posix
Supported LTO compression algorithms: zlib zstd
gcc version 11.4.0 (Ubuntu 11.4.0-1ubuntu1~22.04) 
... rest of stderr output deleted ...
configure:5789: $? = 0
configure:5778: g++ -V >&5
g++: error: unrecognized command-line option '-V'
g++: fatal error: no input files
compilation terminated.
configure:5789: $? = 1
configure:5778: g++ -qversion >&5
g++: error: unrecognized command-line option '-qversion'; did you mean '--version'?
g++: fatal error: no input files
compilation terminated.
configure:5789: $? = 1
configure:5793: checking whether the compiler supports GNU C++
configure:5813: g++ -c   conftest.cpp >&5
configure:5813: $? = 0
configure:5823: result: yes
configure:5834: checking whether g++ accepts -g
configure:5855: g++ -c -g  conftest.cpp >&5
configure:5855: $? = 0
configure:5899: result: yes
configure:5919: checking for g++ option to enable C++11 features
configure:5934: g++  -c -g -O2  conftest.cpp >&5
conftest.cpp: In function 'int main(int, char**)':
conftest.cpp:175:25: warning: empty parentheses were disambiguated as a function declaration [-Wvexing-parse]
  175 |   cxx11test::delegate d2();
      |                         ^~
conftest.cpp:175:25: note: remove parentheses to default-initialize a variable
  175 |   cxx11test::delegate d2();
      |                         ^~
      |                         --
conftest.cpp:175:25: note: or replace parentheses with braces to value-initialize a variable
configure:5934: $? = 0
configure:5952: result: none needed
configure:6018: checking dependency style of g++
configure:6130: result: gcc3
configure:6149: checking for stdio.h
configure:6149: gcc -c -g -O2  conftest.c >&5
configure:6149: $? = 0
configure:6149: result: yes
configure:6149: checking for stdlib.h
configure:6149: gcc -c -g -O2  conftest.c >&5
configure:6149: $? = 0
configure:6149: result: yes
configure:6149: checking for string.h
configure:6149: gcc -c -g -O2  conftest.c >&5
configure:6149: $? = 0
configure:6149: result: yes
configure:6149: checking for inttypes.h
configure:6149: gcc -c -g -O2  conftest.c >&5
configure:6149: $? = 0
configure:6149: result: yes
configure:6149: checking for stdint.h
configure:6149: gcc -c -g -O2  conftest.c >&5
configure:6149: $? = 0
configure:6149: result: yes
configure:6149: checking for strings.h
configure:6149: gcc -c -g -O2  conftest.c >&5
configure:6149: $? = 0
configure:6149: result: yes
configure:6149: checking for sys/stat.h
configure:6149: gcc -c -g -O2  conftest.c >&5
configure:6149: $? = 0
configure:6149: result: yes
configure:6149: checking for sys/types.h
configure:6149: gcc -c -g -O2  conftest.c >&5
configure:6149: $? = 0
configure:6149: result: yes
configure:6149: checking for unistd.h
configure:6149: gcc -c -g -O2  conftest.c >&5
configure:6149: $? = 0
configure:6149: result: yes
configure:6174: checking for lzma.h
configure:6174: gcc -c -g -O2  conftest.c >&5
conftest.c:47:10: fatal error: lzma.h: No such file or directory
   47 | #include <lzma.h>
      |          ^~~~~~~~
compilation terminated.
configure:6174: $? = 1
configure: failed program was:
| /* confdefs.h */
| #define PACKAGE_NAME "Xdelta3"
| #define PACKAGE_TARNAME "xdelta3"
| #define PACKAGE_VERSION "3.0.6"
| #define PACKAGE_STRING "Xdelta3 3.0.6"
| #define PACKAGE_BUGREPORT "josh.macdonald@gmail.com"
| #define PACKAGE_URL "http://xdelta.org/"
| #define HAVE_STDIO_H 1
| #define HAVE_STDLIB_H 1
| #define HAVE_STRING_H 1
| #define HAVE_INTTYPES_H 1
| #define HAVE_STDINT_H 1
| #define HAVE_STRINGS_H 1
| #define HAVE_SYS_STAT_H 1
| #define HAVE_SYS_TYPES_H 1
| #define HAVE_UNISTD_H 1
| #define STDC_HEADERS 1
| /* end confdefs.h.  */
| #include <stddef.h>
| #ifdef HAVE_STDIO_H
| # include <stdio.h>
| #endif
| #ifdef HAVE_STDLIB_H
| # include <stdlib.h>
| #endif
| #ifdef HAVE_STRING_H
| # include <string.h>
| #endif
| #ifdef HAVE_INTTYPES_H
| # include <inttypes.h>
| #endif
| #ifdef HAVE_STDINT_H
| # include <stdint.h>
| #endif
| #ifdef HAVE_STRINGS_H
| # include <strings.h>
| #endif
| #ifdef HAVE_SYS_TYPES_H
| # include <sys/types.h>
| #endif
| #ifdef HAVE_SYS_STAT_H
| # include <sys/stat.h>
| #endif
| #ifdef HAVE_UNISTD_H
| # include <unistd.h>
| #endif
| #include <lzma.h>
configure:6174: result: no
configure:6181: checking for lzma_easy_buffer_encode in -llzma
configure:6204: gcc -o conftest -g -O2   conftest.c -llzma   >&5
/usr/bin/ld: cannot find -llzma: No such file or directory
collect2: error: ld returned 1 exit status
configure:6204: $? = 1
configure: failed program was:
| /* confdefs.h */
| #define PACKAGE_NAME "Xdelta3"
| #define PACKAGE_TARNAME "xdelta3"
| #define PACKAGE_VERSION "3.0.6"
| #define PACKAGE_STRING "Xdelta3 3.0.6"
| #define PACKAGE_BUGREPORT "josh.macdonald@gmail.com"
| #define PACKAGE_URL "http://xdelta.org/"
| #define HAVE_STDIO_H 1
| #define HAVE_STDLIB_H 1
| #define HAVE_STRING_H 1
| #define HAVE_INTTYPES_H 1
| #define HAVE_STDINT_H 1
| #define HAVE_STRINGS_H 1
| #define HAVE_SYS_STAT_H 1
| #define HAVE_SYS_TYPES_H 1
| #define HAVE_UNISTD_H 1
| #define STDC_HEADERS 1
| /* end confdefs.h.  */
| 
| /* Override any GCC internal prototype to avoid an error.
|    Use char because int might match the return type of a GCC
|    builtin and then its argument prototype would still apply.  */
| char lzma_easy_buffer_encode ();
| int
| main (void)
| {
| return lzma_easy_buffer_encode ();
|   ;
|   return 0;
| }
configure:6214: result: no
configure:6352: checking that generated files are newer than configure
configure:6358: result: done
configure:6393: creating ./config.status

## ---------------------- ##
## Running config.status. ##
## ---------------------- ##

This file was extended by Xdelta3 config.status 3.0.6, which was
generated by GNU Autoconf 2.71.  Invocation command line was

  CONFIG_FILES    = 
  CONFIG_HEADERS  = 
  CONFIG_LINKS    = 
  CONFIG_COMMANDS = 
  $ ./config.status 

on noah-ubuntu

config.status:853: creating Makefile
config.status:853: creating config.h
config.status:1082: executing depfiles commands
config.status:1159: cd .       && sed -e '/# am--include-marker/d' Makefile         | make -f - am--depfiles
config.status:1164: $? = 0

## ---------------- ##
## Cache variables. ##
## ---------------- ##

ac_cv_c_compiler_gnu=yes
ac_cv_cxx_compiler_gnu=yes
ac_cv_env_CCC_set=
ac_cv_env_CCC_value=
ac_cv_env_CC_set=
ac_cv_env_CC_value=
ac_cv_env_CFLAGS_set=
ac_cv_env_CFLAGS_value=
ac_cv_env_CPPFLAGS_set=
ac_cv_env_CPPFLAGS_value=
ac_cv_env_CXXFLAGS_set=
ac_cv_env_CXXFLAGS_value=
ac_cv_env_CXX_set=
ac_cv_env_CXX_value=
ac_cv_env_LDFLAGS_set=
ac_cv_env_LDFLAGS_value=
ac_cv_env_LIBS_set=
ac_cv_env_LIBS_value=
ac_cv_env_build_alias_set=
ac_cv_env_build_alias_value=
ac_cv_env_host_alias_set=
ac_cv_env_host_alias_value=
ac_cv_env_target_alias_set=
ac_cv_env_target_alias_value=
ac_cv_header_inttypes_h=yes
ac_cv_header_lzma_h=no
ac_cv_header_stdint_h=yes
ac_cv_header_stdio_h=yes
ac_cv_header_stdlib_h=yes
ac_cv_header_string_h=yes
ac_cv_header_strings_h=yes
ac_cv_header_sys_stat_h=yes
ac_cv_header_sys_types_h=yes
ac_cv_header_unistd_h=yes
ac_cv_lib_lzma_lzma_easy_buffer_encode=no
ac_cv_objext=o
ac_cv_path_install='/usr/bin/install -c'
ac_cv_path_mkdir=/usr/bin/mkdir
ac_cv_prog_AWK=mawk
ac_cv_prog_ac_ct_CC=gcc
ac_cv_prog_ac_ct_CXX=g++
ac_cv_prog_cc_c11=
ac_cv_prog_cc_g=yes
ac_cv_prog_cc_stdc=
ac_cv_prog_cxx_11=no
ac_cv_prog_cxx_cxx11=
ac_cv_prog_cxx_g=yes
ac_cv_prog_cxx_stdcxx=
ac_cv_prog_make_make_set=yes
am_cv_CC_dependencies_compiler_type=gcc3
am_cv_CXX_dependencies_compiler_type=gcc3
am_cv_make_support_nested_variables=yes
am_cv_prog_cc_c_o=yes
am_cv_prog_tar_ustar=gnutar
ax_cv_have_aligned_access_required=no

## ----------------- ##
## Output variables. ##
## ----------------- ##

ACLOCAL='${SHELL} '\''/home/noah/Desktop/PeachOS/deepsketch-fast2022/xdelta3/missing'\'' aclocal-1.16'
AMDEPBACKSLASH='\'
AMDEP_FALSE='#'
AMDEP_TRUE=''
AMTAR='$${TAR-tar}'
AM_BACKSLASH='\'
AM_DEFAULT_V='$(AM_DEFAULT_VERBOSITY)'
AM_DEFAULT_VERBOSITY='1'
AM_V='$(V)'
AUTOCONF='${SHELL} '\''/home/noah/Desktop/PeachOS/deepsketch-fast2022/xdelta3/missing'\'' autoconf'
AUTOHEADER='${SHELL} '\''/home/noah/Desktop/PeachOS/deepsketch-fast2022/xdelta3/missing'\'' autoheader'
AUTOMAKE='${SHELL} '\''/home/noah/Desktop/PeachOS/deepsketch-fast2022/xdelta3/missing'\'' automake-1.16'
AWK='mawk'
CC='gcc'
CCDEPMODE='depmode=gcc3'
CFLAGS='-g -O2'
CPPFLAGS=''
CSCOPE='cscope'
CTAGS='ctags'
CXX='g++'
CXXDEPMODE='depmode=gcc3'
CXXFLAGS='-g -O2'
CYGPATH_W='echo'
DEBUG_SYMBOLS_FALSE=''
DEBUG_SYMBOLS_TRUE='#'
DEFS='-DHAVE_CONFIG_H'
DEPDIR='.deps'
ECHO_C=''
ECHO_N='-n'
ECHO_T=''
ETAGS='etags'
EXEEXT=''
INSTALL_DATA='${INSTALL} -m 644'
INSTALL_PROGRAM='${INSTALL}'
INSTALL_SCRIPT='${INSTALL}'
INSTALL_STRIP_PROGRAM='$(install_sh) -c -s'
LDFLAGS=''
LIBOBJS=''
LIBS=''
LTLIBOBJS=''
MAKEINFO='${SHELL} '\''/home/noah/Desktop/PeachOS/deepsketch-fast2022/xdelta3/missing'\'' makeinfo'
MKDIR_P='/usr/bin/mkdir -p'
OBJEXT='o'
PACKAGE='xdelta3'
PACKAGE_BUGREPORT='josh.macdonald@gmail.com'
PACKAGE_NAME='Xdelta3'
PACKAGE_STRING='Xdelta3 3.0.6'
PACKAGE_TARNAME='xdelta3'
PACKAGE_URL='http://xdelta.org/'
PACKAGE_VERSION='3.0.6'
PATH_SEPARATOR=':'
SET_MAKE=''
SHELL='/bin/bash'
STRIP=''
VERSION='3.0.6'
ac_ct_CC='gcc'
ac_ct_CXX='g++'
am__EXEEXT_FALSE=''
am__EXEEXT_TRUE='#'
am__fastdepCC_FALSE='#'
am__fastdepCC_TRUE=''
am__fastdepCXX_FALSE='#'
am__fastdepCXX_TRUE=''
am__include='include'
am__isrc=''
am__leading_dot='.'
am__nodep='_no'
am__quote=''
am__tar='tar --format=ustar -chf - "$$tardir"'
am__untar='tar -xf -'
bindir='${exec_prefix}/bin'
build_alias=''
datadir='${datarootdir}'
datarootdir='${prefix}/share'
docdir='${datarootdir}/doc/${PACKAGE_TARNAME}'
dvidir='${docdir}'
exec_prefix='${prefix}'
host_alias=''
htmldir='${docdir}'
includedir='${prefix}/include'
infodir='${datarootdir}/info'
install_sh='${SHELL} /home/noah/Desktop/PeachOS/deepsketch-fast2022/xdelta3/install-sh'
libdir='${exec_prefix}/lib'
libexecdir='${exec_prefix}/libexec'
localedir='${datarootdir}/locale'
localstatedir='${prefix}/var'
mandir='${datarootdir}/man'
mkdir_p='$(MKDIR_P)'
oldincludedir='/usr/include'
pdfdir='${docdir}'
prefix='/usr/local'
program_transform_name='s,x,x,'
psdir='${docdir}'
runstatedir='${localstatedir}/run'
sbindir='${exec_prefix}/sbin'
sharedstatedir='${prefix}/com'
sysconfdir='${prefix}/etc'
target_alias=''

## ----------- ##
## confdefs.h. ##
## ----------- ##

/* confdefs.h */
#define PACKAGE_NAME "Xdelta3"
#define PACKAGE_TARNAME "xdelta3"
#define PACKAGE_VERSION "3.0.6"
#define PACKAGE_STRING "Xdelta3 3.0.6"
#define PACKAGE_BUGREPORT "josh.macdonald@gmail.com"
#define PACKAGE_URL "http://xdelta.org/"
#define HAVE_STDIO_H 1
#define HAVE_STDLIB_H 1
#define HAVE_STRING_H 1
#define HAVE_INTTYPES_H 1
#define HAVE_STDINT_H 1
#define HAVE_STRINGS_H 1
#define HAVE_SYS_STAT_H 1
#define HAVE_SYS_TYPES_H 1
#define HAVE_UNISTD_H 1
#define STDC_HEADERS 1

configure: exit 0
